<?xml version="1.0" encoding="UTF-8"?>
<!-- Generated by org.testng.reporters.JUnitReportReporter -->
<testsuite hostname="DESKTOP-MHSBUN6" failures="0" tests="1" name="Base_Pak.Base_Class" time="52.009" errors="0" timestamp="2024-12-24T11:30:57 IST" skipped="0">
  <testcase classname="Base_Pak.Base_Class" name="Login_valid" time="52.009"/>
  <system-out/>
</testsuite> <!-- Base_Pak.Base_Class -->
